{"level":"info","message":"Hello, Winston!","timestamp":"2024-11-24T14:57:03.080Z"}
{"level":"warn","message":"This is a warning message.","timestamp":"2024-11-24T14:57:03.081Z"}
{"level":"error","message":"This is an error message.","timestamp":"2024-11-24T14:57:03.082Z"}
{"level":"info","message":"This is an information message.","timestamp":"2024-11-24T14:57:03.083Z"}
{"ip":"192.168.1.1","level":"info","message":"User logged in","timestamp":"2024-11-24T14:57:03.084Z","username":"johndoe"}
{"level":"info","message":"Dcommerce is up","timestamp":"2024-11-24T14:57:03.894Z"}
{"level":"info","message":"app is runing: 8888","timestamp":"2024-11-24T14:57:03.894Z"}
{"level":"warn","message":"env: dcommerce_pro_auto_051111407592","timestamp":"2024-11-24T14:57:03.895Z"}
{"level":"info","message":"client_db Connection established","timestamp":"2024-11-24T14:57:04.102Z"}
{"level":"info","message":"tutorial_db Connection established","timestamp":"2024-11-24T14:57:04.105Z"}
{"level":"info","message":"Datatase central is synchronize","timestamp":"2024-11-24T14:57:04.326Z"}
{"level":"info","message":"Database client is synchronized","timestamp":"2024-11-24T14:57:23.506Z"}
{"level":"info","message":"********** Found Users: [] **********","timestamp":"2024-11-24T14:57:23.540Z"}
{"level":"info","message":"No users found. Creating default user...","timestamp":"2024-11-24T14:57:23.540Z"}
{"level":"info","message":"Default user created successfully.","timestamp":"2024-11-24T14:57:23.567Z"}
{"level":"info","message":"Default user check complete.","timestamp":"2024-11-24T14:57:23.568Z"}
{"level":"info","message":"Hello, Winston!","timestamp":"2024-11-25T11:55:09.860Z"}
{"level":"warn","message":"This is a warning message.","timestamp":"2024-11-25T11:55:09.862Z"}
{"level":"error","message":"This is an error message.","timestamp":"2024-11-25T11:55:09.863Z"}
{"level":"info","message":"This is an information message.","timestamp":"2024-11-25T11:55:09.863Z"}
{"ip":"192.168.1.1","level":"info","message":"User logged in","timestamp":"2024-11-25T11:55:09.864Z","username":"johndoe"}
{"level":"info","message":"Dcommerce is up","timestamp":"2024-11-25T11:55:10.673Z"}
{"level":"info","message":"app is runing: 8888","timestamp":"2024-11-25T11:55:10.674Z"}
{"level":"warn","message":"env: dcommerce_pro_auto_051111407592","timestamp":"2024-11-25T11:55:10.674Z"}
{"level":"info","message":"client_db Connection established","timestamp":"2024-11-25T11:55:10.887Z"}
{"level":"info","message":"tutorial_db Connection established","timestamp":"2024-11-25T11:55:10.908Z"}
{"level":"info","message":"Datatase central is synchronize","timestamp":"2024-11-25T11:55:11.194Z"}
{"level":"info","message":"Database client is synchronized","timestamp":"2024-11-25T11:55:34.277Z"}
{"level":"info","message":"********** Found Users: [] **********","timestamp":"2024-11-25T11:55:34.320Z"}
{"level":"info","message":"No users found. Creating default user...","timestamp":"2024-11-25T11:55:34.321Z"}
{"level":"info","message":"Default user created successfully.","timestamp":"2024-11-25T11:55:34.359Z"}
{"level":"info","message":"Default user check complete.","timestamp":"2024-11-25T11:55:34.360Z"}
{"level":"info","message":"All data copied successfully in a single transaction.","timestamp":"2024-11-25T11:55:34.478Z"}
{"level":"info","message":"Hello, Winston!","timestamp":"2024-11-25T12:07:06.106Z"}
{"level":"warn","message":"This is a warning message.","timestamp":"2024-11-25T12:07:06.108Z"}
{"level":"error","message":"This is an error message.","timestamp":"2024-11-25T12:07:06.109Z"}
{"level":"info","message":"This is an information message.","timestamp":"2024-11-25T12:07:06.109Z"}
{"ip":"192.168.1.1","level":"info","message":"User logged in","timestamp":"2024-11-25T12:07:06.111Z","username":"johndoe"}
{"level":"info","message":"Dcommerce is up","timestamp":"2024-11-25T12:07:06.916Z"}
{"level":"info","message":"app is runing: 8888","timestamp":"2024-11-25T12:07:06.916Z"}
{"level":"warn","message":"env: dcommerce_pro_auto_051111407592","timestamp":"2024-11-25T12:07:06.917Z"}
{"level":"info","message":"client_db Connection established","timestamp":"2024-11-25T12:07:07.190Z"}
{"level":"info","message":"tutorial_db Connection established","timestamp":"2024-11-25T12:07:07.196Z"}
{"level":"info","message":"Datatase central is synchronize","timestamp":"2024-11-25T12:07:07.427Z"}
{"level":"info","message":"Database client is synchronized","timestamp":"2024-11-25T12:07:27.998Z"}
{"level":"info","message":"********** Found Users: [] **********","timestamp":"2024-11-25T12:07:28.044Z"}
{"level":"info","message":"No users found. Creating default user...","timestamp":"2024-11-25T12:07:28.046Z"}
{"level":"error","message":"Error ensuring default user exists: SequelizeForeignKeyConstraintError: (conn=101829, no: 1452, SQLState: 23000) Cannot add or update a child row: a foreign key constraint fails (`dcommerce_pro_auto_051111407592`.`user`, CONSTRAINT `user_ibfk_1` FOREIGN KEY (`groupId`) REFERENCES `userGroup` (`id`) ON DELETE SET NULL ON UPDATE CASCADE)\nsql: INSERT INTO `user` (`id`,`cus_id`,`cus_pass`,`cus_name`,`cus_tel`,`cus_email`,`cus_active`,`village`,`district`,`province`,`remark`,`isActive`,`createdAt`,`updateTimestamp`,`groupId`) VALUES (DEFAULT,?,?,?,?,?,?,?,?,?,?,?,?,?,?); - parameters:['05111140759...]","timestamp":"2024-11-25T12:07:28.098Z"}
{"level":"info","message":"Default user check complete.","timestamp":"2024-11-25T12:07:28.099Z"}
{"level":"info","message":"Hello, Winston!","timestamp":"2024-11-25T12:13:03.423Z"}
{"level":"warn","message":"This is a warning message.","timestamp":"2024-11-25T12:13:03.425Z"}
{"level":"error","message":"This is an error message.","timestamp":"2024-11-25T12:13:03.426Z"}
{"level":"info","message":"This is an information message.","timestamp":"2024-11-25T12:13:03.426Z"}
{"ip":"192.168.1.1","level":"info","message":"User logged in","timestamp":"2024-11-25T12:13:03.427Z","username":"johndoe"}
{"level":"info","message":"Dcommerce is up","timestamp":"2024-11-25T12:13:04.220Z"}
{"level":"info","message":"app is runing: 8888","timestamp":"2024-11-25T12:13:04.220Z"}
{"level":"warn","message":"env: dcommerce_pro_auto_051111407592","timestamp":"2024-11-25T12:13:04.221Z"}
{"level":"info","message":"client_db Connection established","timestamp":"2024-11-25T12:13:04.429Z"}
{"level":"info","message":"tutorial_db Connection established","timestamp":"2024-11-25T12:13:04.431Z"}
{"level":"info","message":"Datatase central is synchronize","timestamp":"2024-11-25T12:13:04.659Z"}
{"level":"info","message":"Database client is synchronized","timestamp":"2024-11-25T12:13:48.091Z"}
{"level":"info","message":"********** Found Users: [] **********","timestamp":"2024-11-25T12:13:48.134Z"}
{"level":"info","message":"No users found. Creating default user...","timestamp":"2024-11-25T12:13:48.140Z"}
{"level":"info","message":"All data copied successfully in a single transaction.","timestamp":"2024-11-25T12:13:48.272Z"}
{"level":"info","message":"Default user created successfully.","timestamp":"2024-11-25T12:13:48.309Z"}
{"level":"info","message":"Default user check complete.","timestamp":"2024-11-25T12:13:48.310Z"}
{"level":"info","message":"Hello, Winston!","timestamp":"2024-11-25T12:27:08.869Z"}
{"level":"warn","message":"This is a warning message.","timestamp":"2024-11-25T12:27:08.870Z"}
{"level":"error","message":"This is an error message.","timestamp":"2024-11-25T12:27:08.871Z"}
{"level":"info","message":"This is an information message.","timestamp":"2024-11-25T12:27:08.872Z"}
{"ip":"192.168.1.1","level":"info","message":"User logged in","timestamp":"2024-11-25T12:27:08.873Z","username":"johndoe"}
{"level":"info","message":"Dcommerce is up","timestamp":"2024-11-25T12:27:09.704Z"}
{"level":"info","message":"app is runing: 8888","timestamp":"2024-11-25T12:27:09.705Z"}
{"level":"warn","message":"env: dcommerce_pro_auto_051111407592","timestamp":"2024-11-25T12:27:09.705Z"}
{"level":"info","message":"client_db Connection established","timestamp":"2024-11-25T12:27:09.896Z"}
{"level":"info","message":"tutorial_db Connection established","timestamp":"2024-11-25T12:27:09.902Z"}
{"level":"info","message":"Datatase central is synchronize","timestamp":"2024-11-25T12:27:10.112Z"}
{"level":"info","message":"Database client is synchronized","timestamp":"2024-11-25T12:27:30.192Z"}
{"level":"info","message":"********** Found Users: [] **********","timestamp":"2024-11-25T12:27:30.233Z"}
{"level":"info","message":"No users found. Creating default user...","timestamp":"2024-11-25T12:27:30.234Z"}
{"level":"info","message":"All data copied successfully in a single transaction.","timestamp":"2024-11-25T12:27:30.386Z"}
{"level":"info","message":"Default user created successfully.","timestamp":"2024-11-25T12:27:30.425Z"}
{"level":"info","message":"Default user check complete.","timestamp":"2024-11-25T12:27:30.426Z"}
{"level":"info","message":"Hello, Winston!","timestamp":"2024-11-25T12:32:57.508Z"}
{"level":"warn","message":"This is a warning message.","timestamp":"2024-11-25T12:32:57.510Z"}
{"level":"error","message":"This is an error message.","timestamp":"2024-11-25T12:32:57.511Z"}
{"level":"info","message":"This is an information message.","timestamp":"2024-11-25T12:32:57.511Z"}
{"ip":"192.168.1.1","level":"info","message":"User logged in","timestamp":"2024-11-25T12:32:57.513Z","username":"johndoe"}
{"level":"info","message":"Dcommerce is up","timestamp":"2024-11-25T12:32:58.359Z"}
{"level":"info","message":"app is runing: 8888","timestamp":"2024-11-25T12:32:58.359Z"}
{"level":"warn","message":"env: dcommerce_pro_auto_051111407592","timestamp":"2024-11-25T12:32:58.360Z"}
{"level":"info","message":"client_db Connection established","timestamp":"2024-11-25T12:32:58.557Z"}
{"level":"error","message":"tutorial_db Connection error: SequelizeConnectionError: (conn=-1, no: 45012, SQLState: 08S01) Connection timeout: failed to create socket after 1002ms","timestamp":"2024-11-25T12:32:59.459Z"}
{"level":"info","message":"Hello, Winston!","timestamp":"2024-11-25T12:33:02.602Z"}
{"level":"warn","message":"This is a warning message.","timestamp":"2024-11-25T12:33:02.603Z"}
{"level":"error","message":"This is an error message.","timestamp":"2024-11-25T12:33:02.604Z"}
{"level":"info","message":"This is an information message.","timestamp":"2024-11-25T12:33:02.605Z"}
{"ip":"192.168.1.1","level":"info","message":"User logged in","timestamp":"2024-11-25T12:33:02.606Z","username":"johndoe"}
{"level":"info","message":"Dcommerce is up","timestamp":"2024-11-25T12:33:03.226Z"}
{"level":"info","message":"app is runing: 8888","timestamp":"2024-11-25T12:33:03.227Z"}
{"level":"warn","message":"env: dcommerce_pro_auto_051111407592","timestamp":"2024-11-25T12:33:03.227Z"}
{"level":"info","message":"client_db Connection established","timestamp":"2024-11-25T12:33:03.468Z"}
{"level":"info","message":"tutorial_db Connection established","timestamp":"2024-11-25T12:33:03.470Z"}
{"level":"info","message":"Datatase central is synchronize","timestamp":"2024-11-25T12:33:03.879Z"}
{"level":"info","message":"Hello, Winston!","timestamp":"2024-11-25T12:33:24.939Z"}
{"level":"warn","message":"This is a warning message.","timestamp":"2024-11-25T12:33:24.941Z"}
{"level":"error","message":"This is an error message.","timestamp":"2024-11-25T12:33:24.942Z"}
{"level":"info","message":"This is an information message.","timestamp":"2024-11-25T12:33:24.942Z"}
{"ip":"192.168.1.1","level":"info","message":"User logged in","timestamp":"2024-11-25T12:33:24.943Z","username":"johndoe"}
{"level":"info","message":"Dcommerce is up","timestamp":"2024-11-25T12:33:25.721Z"}
{"level":"info","message":"app is runing: 8888","timestamp":"2024-11-25T12:33:25.722Z"}
{"level":"warn","message":"env: dcommerce_pro_auto_051111407592","timestamp":"2024-11-25T12:33:25.722Z"}
{"level":"info","message":"client_db Connection established","timestamp":"2024-11-25T12:33:25.901Z"}
{"level":"error","message":"tutorial_db Connection error: SequelizeConnectionError: (conn=-1, no: 45012, SQLState: 08S01) Connection timeout: failed to create socket after 1007ms","timestamp":"2024-11-25T12:33:26.724Z"}
{"level":"info","message":"Hello, Winston!","timestamp":"2024-11-25T12:33:54.161Z"}
{"level":"warn","message":"This is a warning message.","timestamp":"2024-11-25T12:33:54.164Z"}
{"level":"error","message":"This is an error message.","timestamp":"2024-11-25T12:33:54.164Z"}
{"level":"info","message":"This is an information message.","timestamp":"2024-11-25T12:33:54.165Z"}
{"ip":"192.168.1.1","level":"info","message":"User logged in","timestamp":"2024-11-25T12:33:54.166Z","username":"johndoe"}
{"level":"info","message":"Dcommerce is up","timestamp":"2024-11-25T12:33:54.950Z"}
{"level":"info","message":"app is runing: 8888","timestamp":"2024-11-25T12:33:54.951Z"}
{"level":"warn","message":"env: dcommerce_pro_auto_051111407592","timestamp":"2024-11-25T12:33:54.951Z"}
{"level":"info","message":"client_db Connection established","timestamp":"2024-11-25T12:33:55.149Z"}
{"level":"info","message":"tutorial_db Connection established","timestamp":"2024-11-25T12:33:55.156Z"}
{"level":"info","message":"Datatase central is synchronize","timestamp":"2024-11-25T12:33:55.323Z"}
{"level":"info","message":"Database client is synchronized","timestamp":"2024-11-25T12:34:15.454Z"}
{"level":"info","message":"********** Found Users: [] **********","timestamp":"2024-11-25T12:34:15.495Z"}
{"level":"info","message":"No users found. Creating default user...","timestamp":"2024-11-25T12:34:15.496Z"}
{"level":"error","message":"Error copying data: SequelizeForeignKeyConstraintError: (conn=101876, no: 1452, SQLState: 23000) Cannot add or update a child row: a foreign key constraint fails (`dcommerce_pro_auto_051111407592`.`terminal`, CONSTRAINT `terminal_ibfk_1` FOREIGN KEY (`locationId`) REFERENCES `location` (`id`) ON DELETE SET NULL ON UPDATE CASCADE)\nsql: INSERT INTO terminal SELECT * FROM dcommerce_pro_draft.terminal; - parameters:[]","timestamp":"2024-11-25T12:34:15.565Z"}
{"level":"error","message":"Error ensuring default user exists: SequelizeForeignKeyConstraintError: (conn=101876, no: 1452, SQLState: 23000) Cannot add or update a child row: a foreign key constraint fails (`dcommerce_pro_auto_051111407592`.`user`, CONSTRAINT `user_ibfk_1` FOREIGN KEY (`groupId`) REFERENCES `userGroup` (`id`) ON DELETE SET NULL ON UPDATE CASCADE)\nsql: INSERT INTO `user` (`id`,`cus_id`,`cus_pass`,`cus_name`,`cus_tel`,`cus_email`,`cus_active`,`village`,`district`,`province`,`remark`,`isActive`,`createdAt`,`updateTimestamp`,`groupId`) VALUES (DEFAULT,?,?,?,?,?,?,?,?,?,?,?,?,?,?); - parameters:['05111140759...]","timestamp":"2024-11-25T12:34:15.596Z"}
{"level":"info","message":"Default user check complete.","timestamp":"2024-11-25T12:34:15.597Z"}
{"level":"info","message":"Hello, Winston!","timestamp":"2024-11-25T12:35:57.244Z"}
{"level":"warn","message":"This is a warning message.","timestamp":"2024-11-25T12:35:57.246Z"}
{"level":"error","message":"This is an error message.","timestamp":"2024-11-25T12:35:57.247Z"}
{"level":"info","message":"This is an information message.","timestamp":"2024-11-25T12:35:57.247Z"}
{"ip":"192.168.1.1","level":"info","message":"User logged in","timestamp":"2024-11-25T12:35:57.249Z","username":"johndoe"}
{"level":"info","message":"Dcommerce is up","timestamp":"2024-11-25T12:35:58.037Z"}
{"level":"info","message":"app is runing: 8888","timestamp":"2024-11-25T12:35:58.038Z"}
{"level":"warn","message":"env: dcommerce_pro_auto_051111407592","timestamp":"2024-11-25T12:35:58.038Z"}
{"level":"info","message":"client_db Connection established","timestamp":"2024-11-25T12:35:58.245Z"}
{"level":"info","message":"tutorial_db Connection established","timestamp":"2024-11-25T12:35:58.253Z"}
{"level":"info","message":"Datatase central is synchronize","timestamp":"2024-11-25T12:35:58.438Z"}
{"level":"info","message":"Database client is synchronized","timestamp":"2024-11-25T12:36:39.831Z"}
{"level":"info","message":"********** Found Users: [] **********","timestamp":"2024-11-25T12:36:39.871Z"}
{"level":"info","message":"No users found. Creating default user...","timestamp":"2024-11-25T12:36:39.873Z"}
{"level":"error","message":"Error copying data: SequelizeForeignKeyConstraintError: (conn=101884, no: 1452, SQLState: 23000) Cannot add or update a child row: a foreign key constraint fails (`dcommerce_pro_auto_051111407592`.`terminal`, CONSTRAINT `terminal_ibfk_1` FOREIGN KEY (`locationId`) REFERENCES `location` (`id`) ON DELETE SET NULL ON UPDATE CASCADE)\nsql: INSERT INTO terminal SELECT * FROM dcommerce_pro_draft.terminal; - parameters:[]","timestamp":"2024-11-25T12:36:39.955Z"}
{"level":"error","message":"Error ensuring default user exists: SequelizeForeignKeyConstraintError: (conn=101884, no: 1452, SQLState: 23000) Cannot add or update a child row: a foreign key constraint fails (`dcommerce_pro_auto_051111407592`.`user`, CONSTRAINT `user_ibfk_1` FOREIGN KEY (`groupId`) REFERENCES `userGroup` (`id`) ON DELETE SET NULL ON UPDATE CASCADE)\nsql: INSERT INTO `user` (`id`,`cus_id`,`cus_pass`,`cus_name`,`cus_tel`,`cus_email`,`cus_active`,`village`,`district`,`province`,`remark`,`isActive`,`createdAt`,`updateTimestamp`,`groupId`) VALUES (DEFAULT,?,?,?,?,?,?,?,?,?,?,?,?,?,?); - parameters:['05111140759...]","timestamp":"2024-11-25T12:36:39.993Z"}
{"level":"info","message":"Default user check complete.","timestamp":"2024-11-25T12:36:39.994Z"}
{"level":"info","message":"Hello, Winston!","timestamp":"2024-11-25T12:37:08.154Z"}
{"level":"warn","message":"This is a warning message.","timestamp":"2024-11-25T12:37:08.156Z"}
{"level":"error","message":"This is an error message.","timestamp":"2024-11-25T12:37:08.157Z"}
{"level":"info","message":"This is an information message.","timestamp":"2024-11-25T12:37:08.157Z"}
{"ip":"192.168.1.1","level":"info","message":"User logged in","timestamp":"2024-11-25T12:37:08.159Z","username":"johndoe"}
{"level":"info","message":"Dcommerce is up","timestamp":"2024-11-25T12:37:08.972Z"}
{"level":"info","message":"app is runing: 8888","timestamp":"2024-11-25T12:37:08.973Z"}
{"level":"warn","message":"env: dcommerce_pro_auto_051111407592","timestamp":"2024-11-25T12:37:08.973Z"}
{"level":"info","message":"client_db Connection established","timestamp":"2024-11-25T12:37:09.156Z"}
{"level":"info","message":"tutorial_db Connection established","timestamp":"2024-11-25T12:37:09.158Z"}
{"level":"info","message":"Datatase central is synchronize","timestamp":"2024-11-25T12:37:09.324Z"}
{"level":"info","message":"Database client is synchronized","timestamp":"2024-11-25T12:37:50.572Z"}
{"level":"info","message":"********** Found Users: [] **********","timestamp":"2024-11-25T12:37:50.616Z"}
{"level":"info","message":"No users found. Creating default user...","timestamp":"2024-11-25T12:37:50.618Z"}
{"level":"error","message":"Error copying data: SequelizeForeignKeyConstraintError: (conn=101893, no: 1452, SQLState: 23000) Cannot add or update a child row: a foreign key constraint fails (`dcommerce_pro_auto_051111407592`.`location`, CONSTRAINT `location_ibfk_1` FOREIGN KEY (`companyId`) REFERENCES `company` (`id`) ON DELETE SET NULL ON UPDATE CASCADE)\nsql: INSERT INTO location SELECT * FROM dcommerce_pro_draft.location; - parameters:[]","timestamp":"2024-11-25T12:37:50.697Z"}
{"level":"error","message":"Error ensuring default user exists: SequelizeForeignKeyConstraintError: (conn=101893, no: 1452, SQLState: 23000) Cannot add or update a child row: a foreign key constraint fails (`dcommerce_pro_auto_051111407592`.`user`, CONSTRAINT `user_ibfk_1` FOREIGN KEY (`groupId`) REFERENCES `userGroup` (`id`) ON DELETE SET NULL ON UPDATE CASCADE)\nsql: INSERT INTO `user` (`id`,`cus_id`,`cus_pass`,`cus_name`,`cus_tel`,`cus_email`,`cus_active`,`village`,`district`,`province`,`remark`,`isActive`,`createdAt`,`updateTimestamp`,`groupId`) VALUES (DEFAULT,?,?,?,?,?,?,?,?,?,?,?,?,?,?); - parameters:['05111140759...]","timestamp":"2024-11-25T12:37:50.736Z"}
{"level":"info","message":"Default user check complete.","timestamp":"2024-11-25T12:37:50.737Z"}
{"level":"info","message":"Hello, Winston!","timestamp":"2024-11-25T12:39:00.872Z"}
{"level":"warn","message":"This is a warning message.","timestamp":"2024-11-25T12:39:00.874Z"}
{"level":"error","message":"This is an error message.","timestamp":"2024-11-25T12:39:00.875Z"}
{"level":"info","message":"This is an information message.","timestamp":"2024-11-25T12:39:00.875Z"}
{"ip":"192.168.1.1","level":"info","message":"User logged in","timestamp":"2024-11-25T12:39:00.877Z","username":"johndoe"}
{"level":"info","message":"Dcommerce is up","timestamp":"2024-11-25T12:39:01.664Z"}
{"level":"info","message":"app is runing: 8888","timestamp":"2024-11-25T12:39:01.665Z"}
{"level":"warn","message":"env: dcommerce_pro_auto_051111407592","timestamp":"2024-11-25T12:39:01.665Z"}
{"level":"info","message":"client_db Connection established","timestamp":"2024-11-25T12:39:01.905Z"}
{"level":"info","message":"tutorial_db Connection established","timestamp":"2024-11-25T12:39:01.927Z"}
{"level":"info","message":"Datatase central is synchronize","timestamp":"2024-11-25T12:39:02.125Z"}
{"level":"info","message":"Database client is synchronized","timestamp":"2024-11-25T12:39:42.417Z"}
{"level":"info","message":"********** Found Users: [] **********","timestamp":"2024-11-25T12:39:42.576Z"}
{"level":"info","message":"No users found. Creating default user...","timestamp":"2024-11-25T12:39:42.579Z"}
{"level":"info","message":"All data copied successfully in a single transaction.","timestamp":"2024-11-25T12:39:43.112Z"}
{"level":"info","message":"Default user created successfully.","timestamp":"2024-11-25T12:39:43.143Z"}
{"level":"info","message":"Default user check complete.","timestamp":"2024-11-25T12:39:43.144Z"}
